06.05.2020 14:44:30,880 [WARNING] "arinc file '/home/bcwp/umio.xml' line 9282" : have invalid size ( 29 symbols)
06.05.2020 14:44:30,881 [WARNING] "arinc file '/home/bcwp/umio.xml' line 9283" : have invalid size ( 37 symbols)
06.05.2020 14:44:30,881 [WARNING] "arinc file '/home/bcwp/umio.xml' line 9284" : have invalid size ( 44 symbols)
06.05.2020 14:44:30,881 [WARNING] "arinc file '/home/bcwp/umio.xml' line 9285" : have invalid size ( 64 symbols)
06.05.2020 14:44:30,881 [WARNING] "arinc file '/home/bcwp/umio.xml' line 9286" : have invalid size ( 29 symbols)
06.05.2020 14:44:30,881 [WARNING] "arinc file '/home/bcwp/umio.xml' line 9287" : have invalid size ( 98 symbols)
06.05.2020 14:44:30,881 [WARNING] "arinc file '/home/bcwp/umio.xml' line 9288" : have invalid size ( 63 symbols)
06.05.2020 14:44:30,881 [WARNING] "arinc file '/home/bcwp/umio.xml' line 9289" : have invalid size ( 84 symbols)
06.05.2020 14:44:30,881 [WARNING] "arinc file '/home/bcwp/umio.xml' line 9290" : have invalid size ( 70 symbols)
06.05.2020 14:44:30,881 [WARNING] "arinc file '/home/bcwp/umio.xml' line 9291" : have invalid size ( 85 symbols)
06.05.2020 14:44:30,881 [WARNING] "arinc file '/home/bcwp/umio.xml' line 9292" : have invalid size ( 69 symbols)
06.05.2020 14:44:30,881 [WARNING] "arinc file '/home/bcwp/umio.xml' line 9293" : have invalid size ( 80 symbols)
06.05.2020 14:44:30,881 [WARNING] "arinc file '/home/bcwp/umio.xml' line 9294" : have invalid size ( 37 symbols)
06.05.2020 14:44:30,881 [WARNING] "arinc file '/home/bcwp/umio.xml' line 9295" : have invalid size ( 30 symbols)
06.05.2020 14:44:30,881 [WARNING] "arinc file '/home/bcwp/umio.xml' line 9296" : have invalid size ( 133 symbols)
06.05.2020 14:44:30,882 [WARNING] "arinc file '/home/bcwp/umio.xml' line 9297" : have invalid size ( 84 symbols)
06.05.2020 14:44:30,882 [WARNING] "arinc file '/home/bcwp/umio.xml' line 9298" : have invalid size ( 73 symbols)
06.05.2020 14:44:30,882 [WARNING] "arinc file '/home/bcwp/umio.xml' line 9299" : have invalid size ( 68 symbols)
06.05.2020 14:44:30,882 [WARNING] "arinc file '/home/bcwp/umio.xml' line 9300" : have invalid size ( 50 symbols)
06.05.2020 14:44:30,882 [WARNING] "arinc file '/home/bcwp/umio.xml' line 9301" : have invalid size ( 27 symbols)
06.05.2020 14:44:30,882 [WARNING] "arinc file '/home/bcwp/umio.xml' line 9302" : have invalid size ( 37 symbols)
06.05.2020 14:44:30,882 [WARNING] "arinc file '/home/bcwp/umio.xml' line 9303" : have invalid size ( 31 symbols)
06.05.2020 14:44:30,882 [WARNING] "arinc file '/home/bcwp/umio.xml' line 9304" : have invalid size ( 30 symbols)
06.05.2020 14:44:30,882 [WARNING] "arinc file '/home/bcwp/umio.xml' line 9305" : have invalid size ( 91 symbols)
06.05.2020 14:44:30,882 [WARNING] "arinc file '/home/bcwp/umio.xml' line 9306" : have invalid size ( 97 symbols)
06.05.2020 14:44:30,882 [WARNING] "arinc file '/home/bcwp/umio.xml' line 9307" : have invalid size ( 26 symbols)
06.05.2020 14:44:30,882 [WARNING] "arinc file '/home/bcwp/umio.xml' line 9308" : have invalid size ( 71 symbols)
06.05.2020 14:44:30,882 [WARNING] "arinc file '/home/bcwp/umio.xml' line 9309" : have invalid size ( 25 symbols)
06.05.2020 14:44:30,883 [WARNING] "arinc file '/home/bcwp/umio.xml' line 9310" : have invalid size ( 50 symbols)
06.05.2020 14:44:30,883 [WARNING] "arinc file '/home/bcwp/umio.xml' line 9311" : have invalid size ( 73 symbols)
06.05.2020 14:44:30,883 [WARNING] "arinc file '/home/bcwp/umio.xml' line 9312" : have invalid size ( 33 symbols)
06.05.2020 14:44:30,883 [WARNING] "arinc file '/home/bcwp/umio.xml' line 9313" : have invalid size ( 29 symbols)
06.05.2020 14:44:30,883 [WARNING] "arinc file '/home/bcwp/umio.xml' line 9314" : have invalid size ( 26 symbols)
06.05.2020 14:44:30,883 [WARNING] "arinc file '/home/bcwp/umio.xml' line 9315" : have invalid size ( 69 symbols)
06.05.2020 14:44:30,883 [WARNING] "arinc file '/home/bcwp/umio.xml' line 9316" : have invalid size ( 62 symbols)
06.05.2020 14:44:30,883 [WARNING] "arinc file '/home/bcwp/umio.xml' line 9317" : have invalid size ( 66 symbols)
06.05.2020 14:44:30,883 [WARNING] "arinc file '/home/bcwp/umio.xml' line 9318" : have invalid size ( 36 symbols)
06.05.2020 14:44:30,884 [WARNING] "arinc file '/home/bcwp/umio.xml' line 9319" : have invalid size ( 50 symbols)
06.05.2020 14:44:30,884 [WARNING] "arinc file '/home/bcwp/umio.xml' line 9320" : have invalid size ( 73 symbols)
06.05.2020 14:44:30,884 [WARNING] "arinc file '/home/bcwp/umio.xml' line 9321" : have invalid size ( 33 symbols)
06.05.2020 14:44:30,884 [WARNING] "arinc file '/home/bcwp/umio.xml' line 9322" : have invalid size ( 29 symbols)
06.05.2020 14:44:30,884 [WARNING] "arinc file '/home/bcwp/umio.xml' line 9323" : have invalid size ( 37 symbols)
06.05.2020 14:44:30,884 [WARNING] "arinc file '/home/bcwp/umio.xml' line 9324" : have invalid size ( 44 symbols)
06.05.2020 14:44:30,884 [WARNING] "arinc file '/home/bcwp/umio.xml' line 9325" : have invalid size ( 65 symbols)
06.05.2020 14:44:30,884 [WARNING] "arinc file '/home/bcwp/umio.xml' line 9326" : have invalid size ( 29 symbols)
06.05.2020 14:44:30,884 [WARNING] "arinc file '/home/bcwp/umio.xml' line 9327" : have invalid size ( 98 symbols)
06.05.2020 14:44:30,884 [WARNING] "arinc file '/home/bcwp/umio.xml' line 9328" : have invalid size ( 63 symbols)
06.05.2020 14:44:30,884 [WARNING] "arinc file '/home/bcwp/umio.xml' line 9329" : have invalid size ( 84 symbols)
06.05.2020 14:44:30,884 [WARNING] "arinc file '/home/bcwp/umio.xml' line 9330" : have invalid size ( 69 symbols)
06.05.2020 14:44:30,884 [WARNING] "arinc file '/home/bcwp/umio.xml' line 9331" : have invalid size ( 81 symbols)
06.05.2020 14:44:30,884 [WARNING] "arinc file '/home/bcwp/umio.xml' line 9332" : have invalid size ( 69 symbols)
06.05.2020 14:44:30,884 [WARNING] "arinc file '/home/bcwp/umio.xml' line 9333" : have invalid size ( 80 symbols)
06.05.2020 14:44:30,884 [WARNING] "arinc file '/home/bcwp/umio.xml' line 9334" : have invalid size ( 37 symbols)
06.05.2020 14:44:30,884 [WARNING] "arinc file '/home/bcwp/umio.xml' line 9335" : have invalid size ( 30 symbols)
06.05.2020 14:44:30,884 [WARNING] "arinc file '/home/bcwp/umio.xml' line 9336" : have invalid size ( 133 symbols)
06.05.2020 14:44:30,884 [WARNING] "arinc file '/home/bcwp/umio.xml' line 9337" : have invalid size ( 84 symbols)
06.05.2020 14:44:30,884 [WARNING] "arinc file '/home/bcwp/umio.xml' line 9338" : have invalid size ( 73 symbols)
06.05.2020 14:44:30,884 [WARNING] "arinc file '/home/bcwp/umio.xml' line 9339" : have invalid size ( 68 symbols)
06.05.2020 14:44:30,884 [WARNING] "arinc file '/home/bcwp/umio.xml' line 9340" : have invalid size ( 50 symbols)
06.05.2020 14:44:30,884 [WARNING] "arinc file '/home/bcwp/umio.xml' line 9341" : have invalid size ( 27 symbols)
06.05.2020 14:44:30,884 [WARNING] "arinc file '/home/bcwp/umio.xml' line 9342" : have invalid size ( 37 symbols)
06.05.2020 14:44:30,884 [WARNING] "arinc file '/home/bcwp/umio.xml' line 9343" : have invalid size ( 31 symbols)
06.05.2020 14:44:30,884 [WARNING] "arinc file '/home/bcwp/umio.xml' line 9344" : have invalid size ( 30 symbols)
06.05.2020 14:44:30,885 [WARNING] "arinc file '/home/bcwp/umio.xml' line 9345" : have invalid size ( 91 symbols)
06.05.2020 14:44:30,885 [WARNING] "arinc file '/home/bcwp/umio.xml' line 9346" : have invalid size ( 97 symbols)
06.05.2020 14:44:30,885 [WARNING] "arinc file '/home/bcwp/umio.xml' line 9347" : have invalid size ( 26 symbols)
06.05.2020 14:44:30,885 [WARNING] "arinc file '/home/bcwp/umio.xml' line 9348" : have invalid size ( 71 symbols)
06.05.2020 14:44:30,885 [WARNING] "arinc file '/home/bcwp/umio.xml' line 9349" : have invalid size ( 25 symbols)
06.05.2020 14:44:30,885 [WARNING] "arinc file '/home/bcwp/umio.xml' line 9350" : have invalid size ( 50 symbols)
06.05.2020 14:44:30,885 [WARNING] "arinc file '/home/bcwp/umio.xml' line 9351" : have invalid size ( 73 symbols)
06.05.2020 14:44:30,885 [WARNING] "arinc file '/home/bcwp/umio.xml' line 9352" : have invalid size ( 33 symbols)
06.05.2020 14:44:30,885 [WARNING] "arinc file '/home/bcwp/umio.xml' line 9353" : have invalid size ( 29 symbols)
06.05.2020 14:44:30,885 [WARNING] "arinc file '/home/bcwp/umio.xml' line 9354" : have invalid size ( 26 symbols)
06.05.2020 14:44:30,885 [WARNING] "arinc file '/home/bcwp/umio.xml' line 9355" : have invalid size ( 69 symbols)
06.05.2020 14:44:30,885 [WARNING] "arinc file '/home/bcwp/umio.xml' line 9356" : have invalid size ( 62 symbols)
06.05.2020 14:44:30,885 [WARNING] "arinc file '/home/bcwp/umio.xml' line 9357" : have invalid size ( 66 symbols)
06.05.2020 14:44:30,885 [WARNING] "arinc file '/home/bcwp/umio.xml' line 9358" : have invalid size ( 36 symbols)
06.05.2020 14:44:30,885 [WARNING] "arinc file '/home/bcwp/umio.xml' line 9359" : have invalid size ( 50 symbols)
06.05.2020 14:44:30,885 [WARNING] "arinc file '/home/bcwp/umio.xml' line 9360" : have invalid size ( 73 symbols)
06.05.2020 14:44:30,885 [WARNING] "arinc file '/home/bcwp/umio.xml' line 9361" : have invalid size ( 33 symbols)
06.05.2020 14:44:30,885 [WARNING] "arinc file '/home/bcwp/umio.xml' line 9362" : have invalid size ( 29 symbols)
06.05.2020 14:44:30,885 [WARNING] "arinc file '/home/bcwp/umio.xml' line 9363" : have invalid size ( 37 symbols)
06.05.2020 14:44:30,885 [WARNING] "arinc file '/home/bcwp/umio.xml' line 9364" : have invalid size ( 44 symbols)
06.05.2020 14:44:30,885 [WARNING] "arinc file '/home/bcwp/umio.xml' line 9365" : have invalid size ( 65 symbols)
06.05.2020 14:44:30,885 [WARNING] "arinc file '/home/bcwp/umio.xml' line 9366" : have invalid size ( 29 symbols)
06.05.2020 14:44:30,885 [WARNING] "arinc file '/home/bcwp/umio.xml' line 9367" : have invalid size ( 98 symbols)
06.05.2020 14:44:30,885 [WARNING] "arinc file '/home/bcwp/umio.xml' line 9368" : have invalid size ( 66 symbols)
06.05.2020 14:44:30,885 [WARNING] "arinc file '/home/bcwp/umio.xml' line 9369" : have invalid size ( 84 symbols)
06.05.2020 14:44:30,885 [WARNING] "arinc file '/home/bcwp/umio.xml' line 9370" : have invalid size ( 70 symbols)
06.05.2020 14:44:30,885 [WARNING] "arinc file '/home/bcwp/umio.xml' line 9371" : have invalid size ( 85 symbols)
06.05.2020 14:44:30,885 [WARNING] "arinc file '/home/bcwp/umio.xml' line 9372" : have invalid size ( 69 symbols)
06.05.2020 14:44:30,885 [WARNING] "arinc file '/home/bcwp/umio.xml' line 9373" : have invalid size ( 80 symbols)
06.05.2020 14:44:30,885 [WARNING] "arinc file '/home/bcwp/umio.xml' line 9374" : have invalid size ( 37 symbols)
06.05.2020 14:44:30,885 [WARNING] "arinc file '/home/bcwp/umio.xml' line 9375" : have invalid size ( 30 symbols)
06.05.2020 14:44:30,885 [WARNING] "arinc file '/home/bcwp/umio.xml' line 9376" : have invalid size ( 133 symbols)
06.05.2020 14:44:30,885 [WARNING] "arinc file '/home/bcwp/umio.xml' line 9377" : have invalid size ( 84 symbols)
06.05.2020 14:44:30,885 [WARNING] "arinc file '/home/bcwp/umio.xml' line 9378" : have invalid size ( 73 symbols)
06.05.2020 14:44:30,885 [WARNING] "arinc file '/home/bcwp/umio.xml' line 9379" : have invalid size ( 68 symbols)
06.05.2020 14:44:30,885 [WARNING] "arinc file '/home/bcwp/umio.xml' line 9380" : have invalid size ( 50 symbols)
06.05.2020 14:44:30,886 [WARNING] "arinc file '/home/bcwp/umio.xml' line 9381" : have invalid size ( 27 symbols)
06.05.2020 14:44:30,886 [WARNING] "arinc file '/home/bcwp/umio.xml' line 9382" : have invalid size ( 37 symbols)
06.05.2020 14:44:30,886 [WARNING] "arinc file '/home/bcwp/umio.xml' line 9383" : have invalid size ( 31 symbols)
06.05.2020 14:44:30,886 [WARNING] "arinc file '/home/bcwp/umio.xml' line 9384" : have invalid size ( 30 symbols)
06.05.2020 14:44:30,886 [WARNING] "arinc file '/home/bcwp/umio.xml' line 9385" : have invalid size ( 91 symbols)
06.05.2020 14:44:30,886 [WARNING] "arinc file '/home/bcwp/umio.xml' line 9386" : have invalid size ( 97 symbols)
06.05.2020 14:44:30,886 [WARNING] "arinc file '/home/bcwp/umio.xml' line 9387" : have invalid size ( 26 symbols)
06.05.2020 14:44:30,886 [WARNING] "arinc file '/home/bcwp/umio.xml' line 9388" : have invalid size ( 71 symbols)
06.05.2020 14:44:30,886 [WARNING] "arinc file '/home/bcwp/umio.xml' line 9389" : have invalid size ( 25 symbols)
06.05.2020 14:44:30,887 [WARNING] "arinc file '/home/bcwp/umio.xml' line 9390" : have invalid size ( 50 symbols)
06.05.2020 14:44:30,887 [WARNING] "arinc file '/home/bcwp/umio.xml' line 9391" : have invalid size ( 73 symbols)
06.05.2020 14:44:30,887 [WARNING] "arinc file '/home/bcwp/umio.xml' line 9392" : have invalid size ( 33 symbols)
06.05.2020 14:44:30,887 [WARNING] "arinc file '/home/bcwp/umio.xml' line 9393" : have invalid size ( 29 symbols)
06.05.2020 14:44:30,887 [WARNING] "arinc file '/home/bcwp/umio.xml' line 9394" : have invalid size ( 26 symbols)
06.05.2020 14:44:30,887 [WARNING] "arinc file '/home/bcwp/umio.xml' line 9395" : have invalid size ( 69 symbols)
06.05.2020 14:44:30,887 [WARNING] "arinc file '/home/bcwp/umio.xml' line 9396" : have invalid size ( 62 symbols)
06.05.2020 14:44:30,887 [WARNING] "arinc file '/home/bcwp/umio.xml' line 9397" : have invalid size ( 66 symbols)
06.05.2020 14:44:30,887 [WARNING] "arinc file '/home/bcwp/umio.xml' line 9398" : have invalid size ( 36 symbols)
06.05.2020 14:44:30,887 [WARNING] "arinc file '/home/bcwp/umio.xml' line 9399" : have invalid size ( 50 symbols)
06.05.2020 14:44:30,887 [WARNING] "arinc file '/home/bcwp/umio.xml' line 9400" : have invalid size ( 73 symbols)
06.05.2020 14:44:30,887 [WARNING] "arinc file '/home/bcwp/umio.xml' line 9401" : have invalid size ( 33 symbols)
06.05.2020 14:44:30,887 [WARNING] "arinc file '/home/bcwp/umio.xml' line 9402" : have invalid size ( 29 symbols)
06.05.2020 14:44:30,887 [WARNING] "arinc file '/home/bcwp/umio.xml' line 9403" : have invalid size ( 37 symbols)
06.05.2020 14:44:30,888 [WARNING] "arinc file '/home/bcwp/umio.xml' line 9404" : have invalid size ( 44 symbols)
06.05.2020 14:44:30,888 [WARNING] "arinc file '/home/bcwp/umio.xml' line 9405" : have invalid size ( 63 symbols)
06.05.2020 14:44:30,888 [WARNING] "arinc file '/home/bcwp/umio.xml' line 9406" : have invalid size ( 29 symbols)
06.05.2020 14:44:30,888 [WARNING] "arinc file '/home/bcwp/umio.xml' line 9407" : have invalid size ( 98 symbols)
06.05.2020 14:44:30,888 [WARNING] "arinc file '/home/bcwp/umio.xml' line 9408" : have invalid size ( 63 symbols)
06.05.2020 14:44:30,888 [WARNING] "arinc file '/home/bcwp/umio.xml' line 9409" : have invalid size ( 84 symbols)
06.05.2020 14:44:30,888 [WARNING] "arinc file '/home/bcwp/umio.xml' line 9410" : have invalid size ( 70 symbols)
06.05.2020 14:44:30,888 [WARNING] "arinc file '/home/bcwp/umio.xml' line 9411" : have invalid size ( 85 symbols)
06.05.2020 14:44:30,888 [WARNING] "arinc file '/home/bcwp/umio.xml' line 9412" : have invalid size ( 69 symbols)
06.05.2020 14:44:30,888 [WARNING] "arinc file '/home/bcwp/umio.xml' line 9413" : have invalid size ( 80 symbols)
06.05.2020 14:44:30,888 [WARNING] "arinc file '/home/bcwp/umio.xml' line 9414" : have invalid size ( 37 symbols)
06.05.2020 14:44:30,888 [WARNING] "arinc file '/home/bcwp/umio.xml' line 9415" : have invalid size ( 30 symbols)
06.05.2020 14:44:30,888 [WARNING] "arinc file '/home/bcwp/umio.xml' line 9416" : have invalid size ( 133 symbols)
06.05.2020 14:44:30,888 [WARNING] "arinc file '/home/bcwp/umio.xml' line 9417" : have invalid size ( 84 symbols)
06.05.2020 14:44:30,888 [WARNING] "arinc file '/home/bcwp/umio.xml' line 9418" : have invalid size ( 73 symbols)
06.05.2020 14:44:30,888 [WARNING] "arinc file '/home/bcwp/umio.xml' line 9419" : have invalid size ( 68 symbols)
06.05.2020 14:44:30,889 [WARNING] "arinc file '/home/bcwp/umio.xml' line 9420" : have invalid size ( 50 symbols)
06.05.2020 14:44:30,890 [WARNING] "arinc file '/home/bcwp/umio.xml' line 9421" : have invalid size ( 27 symbols)
06.05.2020 14:44:30,890 [WARNING] "arinc file '/home/bcwp/umio.xml' line 9422" : have invalid size ( 37 symbols)
06.05.2020 14:44:30,890 [WARNING] "arinc file '/home/bcwp/umio.xml' line 9423" : have invalid size ( 31 symbols)
06.05.2020 14:44:30,890 [WARNING] "arinc file '/home/bcwp/umio.xml' line 9424" : have invalid size ( 36 symbols)
06.05.2020 15:33:49,728 [INFO] =========> END_SESSION <=========
06.05.2020 15:34:07,621 [INFO] =========> NEW_SESSION_STARTED <=========
06.05.2020 15:34:07,621 [INFO] " environmenteditor, Version 1.1.0 "
06.05.2020 15:34:07,621 [INFO] " Build date: Apr 21 2020 "
06.05.2020 15:34:07,621 [WARNING] " Configuration file: '/home/bcwp/SVN/branches/bcwp_qt5/arincmerge/etc/environmenteditor.xml' " 

06.05.2020 15:37:39,405 [INFO] =========> END_SESSION <=========
06.05.2020 15:39:52,074 [INFO] =========> NEW_SESSION_STARTED <=========
06.05.2020 15:39:52,075 [INFO] " environmenteditor, Version 1.1.0 "
06.05.2020 15:39:52,075 [INFO] " Build date: Apr 21 2020 "
06.05.2020 15:39:52,075 [WARNING] " Configuration file: '/home/bcwp/SVN/branches/bcwp_qt5/arincmerge/etc/environmenteditor.xml' " 

06.05.2020 15:45:00,154 [CRITICAL] "ERROR:  null value in column \"id\" violates not-null constraint\nDETAIL:  Failing row contains (null, RW05, 54.4397222222222, 30.2961111111111, 3001, 51, 664, 45, null).\n(23502) QPSQL: Unable to create query"
06.05.2020 17:22:18,529 [INFO] =========> END_SESSION <=========
19.05.2020 09:22:37,973 [INFO] =========> NEW_SESSION_STARTED <=========
19.05.2020 09:22:37,973 [INFO] " environmenteditor, Version 1.1.0 "
19.05.2020 09:22:37,973 [INFO] " Build date: Apr 21 2020 "
19.05.2020 09:22:37,973 [WARNING] " Configuration file: '/home/bcwp/SVN/branches/bcwp_qt5/arincmerge/etc/environmenteditor.xml' " 

19.05.2020 09:34:39,577 [CRITICAL] "ERROR:  null value in column \"type\" violates not-null constraint\nDETAIL:  Failing row contains (82381, null, 210, 54.8097222222222, 30.2294444444444, null, 0, 0, 0).\n(23502) QPSQL: Unable to create query"
19.05.2020 10:00:41,613 [CRITICAL] "ERROR:  null value in column \"id_name\" violates not-null constraint\nDETAIL:  Failing row contains (2056, ORSHA TMA-1, 2, null, 1456, 0, 0, null, null, null).\n(23502) QPSQL: Unable to create query"
19.05.2020 10:39:40,722 [INFO] =========> NEW_SESSION_STARTED <=========
19.05.2020 10:39:40,723 [INFO] " environmenteditor, Version 1.1.0 "
19.05.2020 10:39:40,723 [INFO] " Build date: Apr 21 2020 "
19.05.2020 10:39:40,723 [WARNING] " Configuration file: '/home/bcwp/SVN/branches/bcwp_qt5/arincmerge/etc/environmenteditor.xml' " 

19.05.2020 10:40:22,136 [CRITICAL] "ERROR:  null value in column \"id\" violates not-null constraint\nDETAIL:  Failing row contains (null, null, 120, 0, 0, null, 0, 0, 0).\n(23502) QPSQL: Unable to create query"
19.05.2020 11:13:56,131 [INFO] =========> END_SESSION <=========
19.05.2020 11:13:58,033 [INFO] =========> END_SESSION <=========
21.07.2020 12:49:44,923 [INFO] =========> NEW_SESSION_STARTED <=========
21.07.2020 12:49:44,923 [INFO] " environmenteditor, Version 1.1.0 "
21.07.2020 12:49:44,923 [INFO] " Build date: Apr 21 2020 "
21.07.2020 12:49:44,923 [WARNING] " Configuration file: '/home/bcwp/SVN/branches/bcwp_qt5/arincmerge/etc/environmenteditor.xml' " 

21.07.2020 14:47:37,137 [INFO] =========> NEW_SESSION_STARTED <=========
21.07.2020 14:47:37,137 [INFO] " environmenteditor, Version 1.1.0 "
21.07.2020 14:47:37,137 [INFO] " Build date: Apr 21 2020 "
21.07.2020 14:47:37,137 [WARNING] " Configuration file: '/home/bcwp/SVN/branches/bcwp_qt5/arincmerge/etc/environmenteditor.xml' " 

22.07.2020 12:34:00,656 [INFO] =========> NEW_SESSION_STARTED <=========
22.07.2020 12:34:00,656 [INFO] " environmenteditor, Version 1.1.0 "
22.07.2020 12:34:00,656 [INFO] " Build date: Apr 21 2020 "
22.07.2020 12:34:00,656 [WARNING] " Configuration file: '/home/bcwp/SVN/branches/bcwp_qt5/arincmerge/etc/environmenteditor.xml' " 

22.07.2020 12:44:08,673 [INFO] =========> NEW_SESSION_STARTED <=========
22.07.2020 12:44:08,673 [INFO] " environmenteditor, Version 1.1.0 "
22.07.2020 12:44:08,673 [INFO] " Build date: Apr 21 2020 "
22.07.2020 12:44:08,673 [WARNING] " Configuration file: '/home/bcwp/SVN/branches/bcwp_qt5/arincmerge/etc/environmenteditor.xml' " 

22.07.2020 12:54:28,593 [INFO] =========> END_SESSION <=========
09.09.2020 13:19:27,204 [INFO] =========> NEW_SESSION_STARTED <=========
09.09.2020 13:19:27,204 [INFO] " environmenteditor, Version 1.1.0 "
09.09.2020 13:19:27,204 [INFO] " Build date: Apr 21 2020 "
09.09.2020 13:19:27,204 [WARNING] " Configuration file: '/home/bcwp/SVN/branches/bcwp_qt5/arincmerge/etc/environmenteditor.xml' " 

09.09.2020 13:19:27,348 [WARNING] QSqlDatabasePrivate::database: unable to open database: "ВАЖНО:  в pg_hba.conf нет записи, разрешающей подключение для репликации с компьютера \"192.168.2.103\" для пользователя \"aero\", базы данных \"aero\", SSL выкл.\nQPSQL: Unable to connect"
09.09.2020 13:19:27,475 [WARNING] QSqlDatabasePrivate::database: unable to open database: "ВАЖНО:  в pg_hba.conf нет записи, разрешающей подключение для репликации с компьютера \"192.168.2.103\" для пользователя \"aero\", базы данных \"aero\", SSL выкл.\nQPSQL: Unable to connect"
09.09.2020 13:19:30,699 [WARNING] QSqlDatabasePrivate::database: unable to open database: "ВАЖНО:  в pg_hba.conf нет записи, разрешающей подключение для репликации с компьютера \"192.168.2.103\" для пользователя \"aero\", базы данных \"aero\", SSL выкл.\nQPSQL: Unable to connect"
09.09.2020 13:19:34,399 [WARNING] QSqlDatabasePrivate::database: unable to open database: "ВАЖНО:  в pg_hba.conf нет записи, разрешающей подключение для репликации с компьютера \"192.168.2.103\" для пользователя \"aero\", базы данных \"aero\", SSL выкл.\nQPSQL: Unable to connect"
09.09.2020 13:19:34,400 [WARNING] QSqlQuery::exec: database not open
09.09.2020 13:21:23,828 [INFO] =========> END_SESSION <=========
09.09.2020 13:21:25,286 [INFO] =========> NEW_SESSION_STARTED <=========
09.09.2020 13:21:25,287 [INFO] " environmenteditor, Version 1.1.0 "
09.09.2020 13:21:25,287 [INFO] " Build date: Apr 21 2020 "
09.09.2020 13:21:25,287 [WARNING] " Configuration file: '/home/bcwp/SVN/branches/bcwp_qt5/arincmerge/etc/environmenteditor.xml' " 

09.09.2020 13:28:42,796 [INFO] =========> END_SESSION <=========
21.09.2020 13:39:33,633 [INFO] =========> NEW_SESSION_STARTED <=========
21.09.2020 13:39:33,634 [INFO] " environmenteditor, Version 1.1.0 "
21.09.2020 13:39:33,634 [INFO] " Build date: Apr 21 2020 "
21.09.2020 13:39:33,634 [WARNING] " Configuration file: '/home/bcwp/SVN/branches/bcwp_qt5/arincmerge/etc/environmenteditor.xml' " 

21.09.2020 13:40:01,844 [CRITICAL] "ERROR:  null value in column \"type\" violates not-null constraint\nDETAIL:  Failing row contains (82361, null, 60, 54.915, 23.3897222222222, null, 0, 0, 0).\n(23502) QPSQL: Unable to create query"
21.09.2020 13:41:33,856 [INFO] =========> END_SESSION <=========
21.09.2020 13:41:43,840 [INFO] =========> NEW_SESSION_STARTED <=========
21.09.2020 13:41:43,840 [INFO] " environmenteditor, Version 1.1.0 "
21.09.2020 13:41:43,840 [INFO] " Build date: Apr 21 2020 "
21.09.2020 13:41:43,840 [WARNING] " Configuration file: '/home/bcwp/SVN/branches/bcwp_qt5/arincmerge/etc/environmenteditor.xml' " 

09.10.2020 06:30:40,623 [INFO] =========> NEW_SESSION_STARTED <=========
09.10.2020 06:30:40,623 [INFO] " environmenteditor, Version 1.1.0 "
09.10.2020 06:30:40,623 [INFO] " Build date: Apr 21 2020 "
09.10.2020 06:30:40,623 [WARNING] " Configuration file: '/home/bcwp/SVN/branches/bcwp_qt5/arincmerge/etc/environmenteditor.xml' " 

09.10.2020 06:35:08,362 [INFO] =========> END_SESSION <=========
12.10.2020 06:23:02,615 [INFO] =========> NEW_SESSION_STARTED <=========
12.10.2020 06:23:02,615 [INFO] " environmenteditor, Version 1.1.0 "
12.10.2020 06:23:02,615 [INFO] " Build date: Apr 21 2020 "
12.10.2020 06:23:02,615 [WARNING] " Configuration file: '/home/bcwp/SVN/branches/bcwp_qt5/arincmerge/etc/environmenteditor.xml' " 

12.10.2020 08:35:39,086 [INFO] =========> NEW_SESSION_STARTED <=========
12.10.2020 08:35:39,086 [INFO] " environmenteditor, Version 1.1.0 "
12.10.2020 08:35:39,086 [INFO] " Build date: Apr 21 2020 "
12.10.2020 08:35:39,086 [WARNING] " Configuration file: '/home/bcwp/SVN/branches/bcwp_qt5/arincmerge/etc/environmenteditor.xml' " 

12.10.2020 08:36:25,791 [CRITICAL] "ERROR:  null value in column \"id\" violates not-null constraint\nDETAIL:  Failing row contains (null, 71, 10, 3.05916666666667, 33.5591666666667, 2136, 0, 0, 0).\n(23502) QPSQL: Unable to create query"
12.10.2020 08:46:59,442 [INFO] =========> END_SESSION <=========
